Detecting C [-std=c11] compiler features failed to compile with the following output:
Change Dir: /home/tsuchida/ros_package/gripper_ws/src/new_gripper/build/CMakeFiles/CMakeTmp

<<<<<<< HEAD
Run Build Command:"/usr/bin/make" "cmTC_61caa/fast"
/usr/bin/make -f CMakeFiles/cmTC_61caa.dir/build.make CMakeFiles/cmTC_61caa.dir/build
make[1]: ディレクトリ '/home/tsuchida/ros_package/gripper_ws/src/new_gripper/build/CMakeFiles/CMakeTmp' に入ります
Building C object CMakeFiles/cmTC_61caa.dir/feature_tests.c.o
/usr/bin/c89-gcc   -std=c11 -o CMakeFiles/cmTC_61caa.dir/feature_tests.c.o   -c /home/tsuchida/ros_package/gripper_ws/src/new_gripper/build/CMakeFiles/feature_tests.c
c89-gcc called with non ANSI/ISO C option -std=c11
CMakeFiles/cmTC_61caa.dir/build.make:65: recipe for target 'CMakeFiles/cmTC_61caa.dir/feature_tests.c.o' failed
make[1]: *** [CMakeFiles/cmTC_61caa.dir/feature_tests.c.o] Error 1
make[1]: ディレクトリ '/home/tsuchida/ros_package/gripper_ws/src/new_gripper/build/CMakeFiles/CMakeTmp' から出ます
Makefile:126: recipe for target 'cmTC_61caa/fast' failed
make: *** [cmTC_61caa/fast] Error 2
=======
Run Build Command:"/usr/bin/make" "cmTC_d8662/fast"
/usr/bin/make -f CMakeFiles/cmTC_d8662.dir/build.make CMakeFiles/cmTC_d8662.dir/build
make[1]: ディレクトリ '/home/tsuchida/ros_package/gripper_ws/src/new_gripper/build/CMakeFiles/CMakeTmp' に入ります
Building C object CMakeFiles/cmTC_d8662.dir/feature_tests.c.o
/usr/bin/c89-gcc   -std=c11 -o CMakeFiles/cmTC_d8662.dir/feature_tests.c.o   -c /home/tsuchida/ros_package/gripper_ws/src/new_gripper/build/CMakeFiles/feature_tests.c
c89-gcc called with non ANSI/ISO C option -std=c11
CMakeFiles/cmTC_d8662.dir/build.make:65: recipe for target 'CMakeFiles/cmTC_d8662.dir/feature_tests.c.o' failed
make[1]: *** [CMakeFiles/cmTC_d8662.dir/feature_tests.c.o] Error 1
make[1]: ディレクトリ '/home/tsuchida/ros_package/gripper_ws/src/new_gripper/build/CMakeFiles/CMakeTmp' から出ます
Makefile:126: recipe for target 'cmTC_d8662/fast' failed
make: *** [cmTC_d8662/fast] Error 2
>>>>>>> a0dfe13a1b9ef33c56912ab4fc33455bc83bea39



Determining if the pthread_create exist failed with the following output:
Change Dir: /home/tsuchida/ros_package/gripper_ws/src/new_gripper/build/CMakeFiles/CMakeTmp

<<<<<<< HEAD
Run Build Command:"/usr/bin/make" "cmTC_5eb27/fast"
/usr/bin/make -f CMakeFiles/cmTC_5eb27.dir/build.make CMakeFiles/cmTC_5eb27.dir/build
make[1]: ディレクトリ '/home/tsuchida/ros_package/gripper_ws/src/new_gripper/build/CMakeFiles/CMakeTmp' に入ります
Building C object CMakeFiles/cmTC_5eb27.dir/CheckSymbolExists.c.o
/usr/bin/c89-gcc    -o CMakeFiles/cmTC_5eb27.dir/CheckSymbolExists.c.o   -c /home/tsuchida/ros_package/gripper_ws/src/new_gripper/build/CMakeFiles/CMakeTmp/CheckSymbolExists.c
Linking C executable cmTC_5eb27
/usr/bin/cmake -E cmake_link_script CMakeFiles/cmTC_5eb27.dir/link.txt --verbose=1
/usr/bin/c89-gcc      -rdynamic CMakeFiles/cmTC_5eb27.dir/CheckSymbolExists.c.o  -o cmTC_5eb27 
CMakeFiles/cmTC_5eb27.dir/CheckSymbolExists.c.o: 関数 `main' 内:
CheckSymbolExists.c:(.text+0x1b): `pthread_create' に対する定義されていない参照です
collect2: error: ld returned 1 exit status
CMakeFiles/cmTC_5eb27.dir/build.make:97: recipe for target 'cmTC_5eb27' failed
make[1]: *** [cmTC_5eb27] Error 1
make[1]: ディレクトリ '/home/tsuchida/ros_package/gripper_ws/src/new_gripper/build/CMakeFiles/CMakeTmp' から出ます
Makefile:126: recipe for target 'cmTC_5eb27/fast' failed
make: *** [cmTC_5eb27/fast] Error 2
=======
Run Build Command:"/usr/bin/make" "cmTC_27665/fast"
/usr/bin/make -f CMakeFiles/cmTC_27665.dir/build.make CMakeFiles/cmTC_27665.dir/build
make[1]: ディレクトリ '/home/tsuchida/ros_package/gripper_ws/src/new_gripper/build/CMakeFiles/CMakeTmp' に入ります
Building C object CMakeFiles/cmTC_27665.dir/CheckSymbolExists.c.o
/usr/bin/c89-gcc    -o CMakeFiles/cmTC_27665.dir/CheckSymbolExists.c.o   -c /home/tsuchida/ros_package/gripper_ws/src/new_gripper/build/CMakeFiles/CMakeTmp/CheckSymbolExists.c
Linking C executable cmTC_27665
/usr/bin/cmake -E cmake_link_script CMakeFiles/cmTC_27665.dir/link.txt --verbose=1
/usr/bin/c89-gcc      -rdynamic CMakeFiles/cmTC_27665.dir/CheckSymbolExists.c.o  -o cmTC_27665 
CMakeFiles/cmTC_27665.dir/CheckSymbolExists.c.o: 関数 `main' 内:
CheckSymbolExists.c:(.text+0x1b): `pthread_create' に対する定義されていない参照です
collect2: error: ld returned 1 exit status
CMakeFiles/cmTC_27665.dir/build.make:97: recipe for target 'cmTC_27665' failed
make[1]: *** [cmTC_27665] Error 1
make[1]: ディレクトリ '/home/tsuchida/ros_package/gripper_ws/src/new_gripper/build/CMakeFiles/CMakeTmp' から出ます
Makefile:126: recipe for target 'cmTC_27665/fast' failed
make: *** [cmTC_27665/fast] Error 2
>>>>>>> a0dfe13a1b9ef33c56912ab4fc33455bc83bea39

File /home/tsuchida/ros_package/gripper_ws/src/new_gripper/build/CMakeFiles/CMakeTmp/CheckSymbolExists.c:
/* */
#include <pthread.h>

int main(int argc, char** argv)
{
  (void)argv;
#ifndef pthread_create
  return ((int*)(&pthread_create))[argc];
#else
  (void)argc;
  return 0;
#endif
}

Determining if the function pthread_create exists in the pthreads failed with the following output:
Change Dir: /home/tsuchida/ros_package/gripper_ws/src/new_gripper/build/CMakeFiles/CMakeTmp

<<<<<<< HEAD
Run Build Command:"/usr/bin/make" "cmTC_ac9c4/fast"
/usr/bin/make -f CMakeFiles/cmTC_ac9c4.dir/build.make CMakeFiles/cmTC_ac9c4.dir/build
make[1]: ディレクトリ '/home/tsuchida/ros_package/gripper_ws/src/new_gripper/build/CMakeFiles/CMakeTmp' に入ります
Building C object CMakeFiles/cmTC_ac9c4.dir/CheckFunctionExists.c.o
/usr/bin/c89-gcc   -DCHECK_FUNCTION_EXISTS=pthread_create   -o CMakeFiles/cmTC_ac9c4.dir/CheckFunctionExists.c.o   -c /usr/share/cmake-3.10/Modules/CheckFunctionExists.c
Linking C executable cmTC_ac9c4
/usr/bin/cmake -E cmake_link_script CMakeFiles/cmTC_ac9c4.dir/link.txt --verbose=1
/usr/bin/c89-gcc  -DCHECK_FUNCTION_EXISTS=pthread_create    -rdynamic CMakeFiles/cmTC_ac9c4.dir/CheckFunctionExists.c.o  -o cmTC_ac9c4 -lpthreads 
/usr/bin/ld: -lpthreads が見つかりません
collect2: error: ld returned 1 exit status
CMakeFiles/cmTC_ac9c4.dir/build.make:97: recipe for target 'cmTC_ac9c4' failed
make[1]: *** [cmTC_ac9c4] Error 1
make[1]: ディレクトリ '/home/tsuchida/ros_package/gripper_ws/src/new_gripper/build/CMakeFiles/CMakeTmp' から出ます
Makefile:126: recipe for target 'cmTC_ac9c4/fast' failed
make: *** [cmTC_ac9c4/fast] Error 2
=======
Run Build Command:"/usr/bin/make" "cmTC_218b3/fast"
/usr/bin/make -f CMakeFiles/cmTC_218b3.dir/build.make CMakeFiles/cmTC_218b3.dir/build
make[1]: ディレクトリ '/home/tsuchida/ros_package/gripper_ws/src/new_gripper/build/CMakeFiles/CMakeTmp' に入ります
Building C object CMakeFiles/cmTC_218b3.dir/CheckFunctionExists.c.o
/usr/bin/c89-gcc   -DCHECK_FUNCTION_EXISTS=pthread_create   -o CMakeFiles/cmTC_218b3.dir/CheckFunctionExists.c.o   -c /usr/share/cmake-3.10/Modules/CheckFunctionExists.c
Linking C executable cmTC_218b3
/usr/bin/cmake -E cmake_link_script CMakeFiles/cmTC_218b3.dir/link.txt --verbose=1
/usr/bin/c89-gcc  -DCHECK_FUNCTION_EXISTS=pthread_create    -rdynamic CMakeFiles/cmTC_218b3.dir/CheckFunctionExists.c.o  -o cmTC_218b3 -lpthreads 
/usr/bin/ld: -lpthreads が見つかりません
collect2: error: ld returned 1 exit status
CMakeFiles/cmTC_218b3.dir/build.make:97: recipe for target 'cmTC_218b3' failed
make[1]: *** [cmTC_218b3] Error 1
make[1]: ディレクトリ '/home/tsuchida/ros_package/gripper_ws/src/new_gripper/build/CMakeFiles/CMakeTmp' から出ます
Makefile:126: recipe for target 'cmTC_218b3/fast' failed
make: *** [cmTC_218b3/fast] Error 2
>>>>>>> a0dfe13a1b9ef33c56912ab4fc33455bc83bea39


